# JRE version: OpenJDK Runtime Environment Microsoft-8035246 (17.0.8+7) (build 17.0.8+7-LTS)
# Java VM: OpenJDK 64-Bit Server VM Microsoft-8035246 (17.0.8+7-LTS, mixed mode, sharing, tiered, compressed oops, compressed class ptrs, g1 gc, windows-amd64)
GC Precious Log:
 CPUs: 12 total, 12 available
 Memory: 11644M
 Large Page Support: Disabled
 NUMA Support: Disabled
 Compressed Oops: Enabled (32-bit)
 Heap Region Size: 1M
 Heap Min Capacity: 8M
 Heap Initial Capacity: 182M
 Heap Max Capacity: 2G
 Pre-touch: Disabled
 Parallel Workers: 10
 Concurrent Workers: 3
 Concurrent Refinement Workers: 10
 Periodic GC: Disabled
Heap:
 garbage-first heap   total 329728K, used 201098K [0x0000000080000000, 0x0000000100000000)
  region size 1024K, 24 young (24576K), 2 survivors (2048K)
 Metaspace       used 104810K, committed 105792K, reserved 557056K
  class space    used 14360K, committed 14848K, reserved 425984K
GC Heap History (20 events):
Event: 27.360 GC heap before
{Heap before GC invocations=52 (full 0):
 garbage-first heap   total 239616K, used 189859K [0x0000000080000000, 0x0000000100000000)
  region size 1024K, 45 young (46080K), 2 survivors (2048K)
 Metaspace       used 94739K, committed 95680K, reserved 557056K
  class space    used 13070K, committed 13504K, reserved 425984K
}
Event: 27.364 GC heap after
{Heap after GC invocations=53 (full 0):
 garbage-first heap   total 239616K, used 152151K [0x0000000080000000, 0x0000000100000000)
  region size 1024K, 6 young (6144K), 6 survivors (6144K)
 Metaspace       used 94739K, committed 95680K, reserved 557056K
  class space    used 13070K, committed 13504K, reserved 425984K
}
Event: 28.155 GC heap before
{Heap before GC invocations=53 (full 0):
 garbage-first heap   total 239616K, used 193111K [0x0000000080000000, 0x0000000100000000)
  region size 1024K, 46 young (47104K), 6 survivors (6144K)
 Metaspace       used 99144K, committed 100096K, reserved 557056K
  class space    used 13687K, committed 14144K, reserved 425984K
}
Event: 28.161 GC heap after
{Heap after GC invocations=54 (full 0):
 garbage-first heap   total 239616K, used 156989K [0x0000000080000000, 0x0000000100000000)
  region size 1024K, 5 young (5120K), 5 survivors (5120K)
 Metaspace       used 99144K, committed 100096K, reserved 557056K
  class space    used 13687K, committed 14144K, reserved 425984K
}
Event: 28.778 GC heap before
{Heap before GC invocations=54 (full 0):
 garbage-first heap   total 239616K, used 194877K [0x0000000080000000, 0x0000000100000000)
  region size 1024K, 42 young (43008K), 5 survivors (5120K)
 Metaspace       used 100957K, committed 101888K, reserved 557056K
  class space    used 13918K, committed 14336K, reserved 425984K
}
Event: 28.785 GC heap after
{Heap after GC invocations=55 (full 0):
 garbage-first heap   total 239616K, used 161373K [0x0000000080000000, 0x0000000100000000)
  region size 1024K, 5 young (5120K), 5 survivors (5120K)
 Metaspace       used 100957K, committed 101888K, reserved 557056K
  class space    used 13918K, committed 14336K, reserved 425984K
}
Event: 29.229 GC heap before
{Heap before GC invocations=56 (full 0):
 garbage-first heap   total 276480K, used 195165K [0x0000000080000000, 0x0000000100000000)
  region size 1024K, 38 young (38912K), 5 survivors (5120K)
 Metaspace       used 101611K, committed 102592K, reserved 557056K
  class space    used 13969K, committed 14400K, reserved 425984K
}
Event: 29.239 GC heap after
{Heap after GC invocations=57 (full 0):
 garbage-first heap   total 276480K, used 166719K [0x0000000080000000, 0x0000000100000000)
  region size 1024K, 5 young (5120K), 5 survivors (5120K)
 Metaspace       used 101611K, committed 102592K, reserved 557056K
  class space    used 13969K, committed 14400K, reserved 425984K
}
Event: 29.368 GC heap before
{Heap before GC invocations=57 (full 0):
 garbage-first heap   total 276480K, used 173887K [0x0000000080000000, 0x0000000100000000)
  region size 1024K, 13 young (13312K), 5 survivors (5120K)
 Metaspace       used 102266K, committed 103296K, reserved 557056K
  class space    used 14048K, committed 14528K, reserved 425984K
}
Event: 29.372 GC heap after
{Heap after GC invocations=58 (full 0):
 garbage-first heap   total 276480K, used 165976K [0x0000000080000000, 0x0000000100000000)
  region size 1024K, 2 young (2048K), 2 survivors (2048K)
 Metaspace       used 102266K, committed 103296K, reserved 557056K
  class space    used 14048K, committed 14528K, reserved 425984K
}
Event: 30.293 GC heap before
{Heap before GC invocations=58 (full 0):
 garbage-first heap   total 276480K, used 222296K [0x0000000080000000, 0x0000000100000000)
  region size 1024K, 58 young (59392K), 2 survivors (2048K)
 Metaspace       used 104126K, committed 105152K, reserved 557056K
  class space    used 14292K, committed 14784K, reserved 425984K
}
Event: 30.300 GC heap after
{Heap after GC invocations=59 (full 0):
 garbage-first heap   total 276480K, used 172408K [0x0000000080000000, 0x0000000100000000)
  region size 1024K, 8 young (8192K), 8 survivors (8192K)
 Metaspace       used 104126K, committed 105152K, reserved 557056K
  class space    used 14292K, committed 14784K, reserved 425984K
}
Event: 31.023 GC heap before
{Heap before GC invocations=59 (full 0):
 garbage-first heap   total 276480K, used 225656K [0x0000000080000000, 0x0000000100000000)
  region size 1024K, 61 young (62464K), 8 survivors (8192K)
 Metaspace       used 104748K, committed 105728K, reserved 557056K
  class space    used 14360K, committed 14848K, reserved 425984K
}
Event: 31.030 GC heap after
{Heap after GC invocations=60 (full 0):
 garbage-first heap   total 276480K, used 178025K [0x0000000080000000, 0x0000000100000000)
  region size 1024K, 8 young (8192K), 8 survivors (8192K)
 Metaspace       used 104748K, committed 105728K, reserved 557056K
  class space    used 14360K, committed 14848K, reserved 425984K
}
Event: 31.209 GC heap before
{Heap before GC invocations=60 (full 0):
 garbage-first heap   total 276480K, used 226153K [0x0000000080000000, 0x0000000100000000)
  region size 1024K, 56 young (57344K), 8 survivors (8192K)
 Metaspace       used 104806K, committed 105792K, reserved 557056K
  class space    used 14360K, committed 14848K, reserved 425984K
}
Event: 31.214 GC heap after
{Heap after GC invocations=61 (full 0):
 garbage-first heap   total 276480K, used 179856K [0x0000000080000000, 0x0000000100000000)
  region size 1024K, 4 young (4096K), 4 survivors (4096K)
 Metaspace       used 104806K, committed 105792K, reserved 557056K
  class space    used 14360K, committed 14848K, reserved 425984K
}
Event: 31.812 GC heap before
{Heap before GC invocations=62 (full 0):
 garbage-first heap   total 329728K, used 223888K [0x0000000080000000, 0x0000000100000000)
  region size 1024K, 48 young (49152K), 4 survivors (4096K)
 Metaspace       used 104809K, committed 105792K, reserved 557056K
  class space    used 14360K, committed 14848K, reserved 425984K
}
Event: 31.820 GC heap after
{Heap after GC invocations=63 (full 0):
 garbage-first heap   total 329728K, used 181374K [0x0000000080000000, 0x0000000100000000)
  region size 1024K, 4 young (4096K), 4 survivors (4096K)
 Metaspace       used 104809K, committed 105792K, reserved 557056K
  class space    used 14360K, committed 14848K, reserved 425984K
}
Event: 31.938 GC heap before
{Heap before GC invocations=63 (full 0):
 garbage-first heap   total 329728K, used 192638K [0x0000000080000000, 0x0000000100000000)
  region size 1024K, 16 young (16384K), 4 survivors (4096K)
 Metaspace       used 104809K, committed 105792K, reserved 557056K
  class space    used 14360K, committed 14848K, reserved 425984K
}
Event: 31.944 GC heap after
{Heap after GC invocations=64 (full 0):
 garbage-first heap   total 329728K, used 179594K [0x0000000080000000, 0x0000000100000000)
  region size 1024K, 2 young (2048K), 2 survivors (2048K)
 Metaspace       used 104809K, committed 105792K, reserved 557056K
  class space    used 14360K, committed 14848K, reserved 425984K
}

