# JRE version: OpenJDK Runtime Environment Microsoft-8035246 (17.0.8+7) (build 17.0.8+7-LTS)
# Java VM: OpenJDK 64-Bit Server VM Microsoft-8035246 (17.0.8+7-LTS, mixed mode, sharing, tiered, compressed oops, compressed class ptrs, g1 gc, windows-amd64)
GC Precious Log:
 CPUs: 12 total, 12 available
 Memory: 11644M
 Large Page Support: Disabled
 NUMA Support: Disabled
 Compressed Oops: Enabled (32-bit)
 Heap Region Size: 1M
 Heap Min Capacity: 8M
 Heap Initial Capacity: 182M
 Heap Max Capacity: 2G
 Pre-touch: Disabled
 Parallel Workers: 10
 Concurrent Workers: 3
 Concurrent Refinement Workers: 10
 Periodic GC: Disabled
Heap:
 garbage-first heap   total 254976K, used 194076K [0x0000000080000000, 0x0000000100000000)
  region size 1024K, 11 young (11264K), 4 survivors (4096K)
 Metaspace       used 104919K, committed 105920K, reserved 557056K
  class space    used 14370K, committed 14848K, reserved 425984K
GC Heap History (20 events):
Event: 24.713 GC heap before
{Heap before GC invocations=42 (full 0):
 garbage-first heap   total 211968K, used 183982K [0x0000000080000000, 0x0000000100000000)
  region size 1024K, 15 young (15360K), 2 survivors (2048K)
 Metaspace       used 102990K, committed 103936K, reserved 557056K
  class space    used 14139K, committed 14592K, reserved 425984K
}
Event: 24.716 GC heap after
{Heap after GC invocations=43 (full 0):
 garbage-first heap   total 211968K, used 172509K [0x0000000080000000, 0x0000000100000000)
  region size 1024K, 2 young (2048K), 2 survivors (2048K)
 Metaspace       used 102990K, committed 103936K, reserved 557056K
  class space    used 14139K, committed 14592K, reserved 425984K
}
Event: 24.858 GC heap before
{Heap before GC invocations=43 (full 0):
 garbage-first heap   total 211968K, used 184797K [0x0000000080000000, 0x0000000100000000)
  region size 1024K, 14 young (14336K), 2 survivors (2048K)
 Metaspace       used 103618K, committed 104512K, reserved 557056K
  class space    used 14225K, committed 14656K, reserved 425984K
}
Event: 24.861 GC heap after
{Heap after GC invocations=44 (full 0):
 garbage-first heap   total 211968K, used 173974K [0x0000000080000000, 0x0000000100000000)
  region size 1024K, 2 young (2048K), 2 survivors (2048K)
 Metaspace       used 103618K, committed 104512K, reserved 557056K
  class space    used 14225K, committed 14656K, reserved 425984K
}
Event: 24.933 GC heap before
{Heap before GC invocations=44 (full 0):
 garbage-first heap   total 211968K, used 184214K [0x0000000080000000, 0x0000000100000000)
  region size 1024K, 12 young (12288K), 2 survivors (2048K)
 Metaspace       used 103834K, committed 104768K, reserved 557056K
  class space    used 14255K, committed 14720K, reserved 425984K
}
Event: 24.936 GC heap after
{Heap after GC invocations=45 (full 0):
 garbage-first heap   total 211968K, used 175307K [0x0000000080000000, 0x0000000100000000)
  region size 1024K, 2 young (2048K), 2 survivors (2048K)
 Metaspace       used 103834K, committed 104768K, reserved 557056K
  class space    used 14255K, committed 14720K, reserved 425984K
}
Event: 25.122 GC heap before
{Heap before GC invocations=45 (full 0):
 garbage-first heap   total 211968K, used 185547K [0x0000000080000000, 0x0000000100000000)
  region size 1024K, 12 young (12288K), 2 survivors (2048K)
 Metaspace       used 104153K, committed 105088K, reserved 557056K
  class space    used 14301K, committed 14784K, reserved 425984K
}
Event: 25.124 GC heap after
{Heap after GC invocations=46 (full 0):
 garbage-first heap   total 254976K, used 176880K [0x0000000080000000, 0x0000000100000000)
  region size 1024K, 2 young (2048K), 2 survivors (2048K)
 Metaspace       used 104153K, committed 105088K, reserved 557056K
  class space    used 14301K, committed 14784K, reserved 425984K
}
Event: 25.608 GC heap before
{Heap before GC invocations=46 (full 0):
 garbage-first heap   total 254976K, used 212720K [0x0000000080000000, 0x0000000100000000)
  region size 1024K, 38 young (38912K), 2 survivors (2048K)
 Metaspace       used 104515K, committed 105408K, reserved 557056K
  class space    used 14333K, committed 14784K, reserved 425984K
}
Event: 25.612 GC heap after
{Heap after GC invocations=47 (full 0):
 garbage-first heap   total 254976K, used 179722K [0x0000000080000000, 0x0000000100000000)
  region size 1024K, 5 young (5120K), 5 survivors (5120K)
 Metaspace       used 104515K, committed 105408K, reserved 557056K
  class space    used 14333K, committed 14784K, reserved 425984K
}
Event: 25.816 GC heap before
{Heap before GC invocations=47 (full 0):
 garbage-first heap   total 254976K, used 214538K [0x0000000080000000, 0x0000000100000000)
  region size 1024K, 39 young (39936K), 5 survivors (5120K)
 Metaspace       used 104850K, committed 105792K, reserved 557056K
  class space    used 14370K, committed 14848K, reserved 425984K
}
Event: 25.821 GC heap after
{Heap after GC invocations=48 (full 0):
 garbage-first heap   total 254976K, used 183757K [0x0000000080000000, 0x0000000100000000)
  region size 1024K, 5 young (5120K), 5 survivors (5120K)
 Metaspace       used 104850K, committed 105792K, reserved 557056K
  class space    used 14370K, committed 14848K, reserved 425984K
}
Event: 25.924 GC heap before
{Heap before GC invocations=48 (full 0):
 garbage-first heap   total 254976K, used 215501K [0x0000000080000000, 0x0000000100000000)
  region size 1024K, 36 young (36864K), 5 survivors (5120K)
 Metaspace       used 104897K, committed 105920K, reserved 557056K
  class space    used 14370K, committed 14848K, reserved 425984K
}
Event: 25.927 GC heap after
{Heap after GC invocations=49 (full 0):
 garbage-first heap   total 254976K, used 185240K [0x0000000080000000, 0x0000000100000000)
  region size 1024K, 4 young (4096K), 4 survivors (4096K)
 Metaspace       used 104897K, committed 105920K, reserved 557056K
  class space    used 14370K, committed 14848K, reserved 425984K
}
Event: 26.013 GC heap before
{Heap before GC invocations=49 (full 0):
 garbage-first heap   total 254976K, used 215960K [0x0000000080000000, 0x0000000100000000)
  region size 1024K, 34 young (34816K), 4 survivors (4096K)
 Metaspace       used 104913K, committed 105920K, reserved 557056K
  class space    used 14370K, committed 14848K, reserved 425984K
}
Event: 26.016 GC heap after
{Heap after GC invocations=50 (full 0):
 garbage-first heap   total 254976K, used 186462K [0x0000000080000000, 0x0000000100000000)
  region size 1024K, 4 young (4096K), 4 survivors (4096K)
 Metaspace       used 104913K, committed 105920K, reserved 557056K
  class space    used 14370K, committed 14848K, reserved 425984K
}
Event: 26.250 GC heap before
{Heap before GC invocations=50 (full 0):
 garbage-first heap   total 254976K, used 216158K [0x0000000080000000, 0x0000000100000000)
  region size 1024K, 34 young (34816K), 4 survivors (4096K)
 Metaspace       used 104918K, committed 105920K, reserved 557056K
  class space    used 14370K, committed 14848K, reserved 425984K
}
Event: 26.252 GC heap after
{Heap after GC invocations=51 (full 0):
 garbage-first heap   total 254976K, used 187311K [0x0000000080000000, 0x0000000100000000)
  region size 1024K, 3 young (3072K), 3 survivors (3072K)
 Metaspace       used 104918K, committed 105920K, reserved 557056K
  class space    used 14370K, committed 14848K, reserved 425984K
}
Event: 26.477 GC heap before
{Heap before GC invocations=51 (full 0):
 garbage-first heap   total 254976K, used 218031K [0x0000000080000000, 0x0000000100000000)
  region size 1024K, 33 young (33792K), 3 survivors (3072K)
 Metaspace       used 104919K, committed 105920K, reserved 557056K
  class space    used 14370K, committed 14848K, reserved 425984K
}
Event: 26.479 GC heap after
{Heap after GC invocations=52 (full 0):
 garbage-first heap   total 254976K, used 187932K [0x0000000080000000, 0x0000000100000000)
  region size 1024K, 4 young (4096K), 4 survivors (4096K)
 Metaspace       used 104919K, committed 105920K, reserved 557056K
  class space    used 14370K, committed 14848K, reserved 425984K
}

