# JRE version: OpenJDK Runtime Environment Microsoft-8035246 (17.0.8+7) (build 17.0.8+7-LTS)
# Java VM: OpenJDK 64-Bit Server VM Microsoft-8035246 (17.0.8+7-LTS, mixed mode, sharing, tiered, compressed oops, compressed class ptrs, g1 gc, windows-amd64)
GC Precious Log:
 CPUs: 12 total, 12 available
 Memory: 11644M
 Large Page Support: Disabled
 NUMA Support: Disabled
 Compressed Oops: Enabled (32-bit)
 Heap Region Size: 1M
 Heap Min Capacity: 8M
 Heap Initial Capacity: 182M
 Heap Max Capacity: 2G
 Pre-touch: Disabled
 Parallel Workers: 10
 Concurrent Workers: 3
 Concurrent Refinement Workers: 10
 Periodic GC: Disabled
Heap:
 garbage-first heap   total 315392K, used 226027K [0x0000000080000000, 0x0000000100000000)
  region size 1024K, 40 young (40960K), 3 survivors (3072K)
 Metaspace       used 104819K, committed 105792K, reserved 557056K
  class space    used 14362K, committed 14848K, reserved 425984K
GC Heap History (20 events):
Event: 21.433 GC heap before
{Heap before GC invocations=45 (full 0):
 garbage-first heap   total 262144K, used 207400K [0x0000000080000000, 0x0000000100000000)
  region size 1024K, 74 young (75776K), 4 survivors (4096K)
 Metaspace       used 92748K, committed 93696K, reserved 557056K
  class space    used 12810K, committed 13248K, reserved 425984K
}
Event: 21.441 GC heap after
{Heap after GC invocations=46 (full 0):
 garbage-first heap   total 262144K, used 149959K [0x0000000080000000, 0x0000000100000000)
  region size 1024K, 10 young (10240K), 10 survivors (10240K)
 Metaspace       used 92748K, committed 93696K, reserved 557056K
  class space    used 12810K, committed 13248K, reserved 425984K
}
Event: 22.063 GC heap before
{Heap before GC invocations=46 (full 0):
 garbage-first heap   total 262144K, used 204231K [0x0000000080000000, 0x0000000100000000)
  region size 1024K, 63 young (64512K), 10 survivors (10240K)
 Metaspace       used 96368K, committed 97280K, reserved 557056K
  class space    used 13326K, committed 13760K, reserved 425984K
}
Event: 22.071 GC heap after
{Heap after GC invocations=47 (full 0):
 garbage-first heap   total 262144K, used 157296K [0x0000000080000000, 0x0000000100000000)
  region size 1024K, 7 young (7168K), 7 survivors (7168K)
 Metaspace       used 96368K, committed 97280K, reserved 557056K
  class space    used 13326K, committed 13760K, reserved 425984K
}
Event: 22.913 GC heap before
{Heap before GC invocations=47 (full 0):
 garbage-first heap   total 262144K, used 208496K [0x0000000080000000, 0x0000000100000000)
  region size 1024K, 57 young (58368K), 7 survivors (7168K)
 Metaspace       used 100455K, committed 101440K, reserved 557056K
  class space    used 13862K, committed 14336K, reserved 425984K
}
Event: 22.920 GC heap after
{Heap after GC invocations=48 (full 0):
 garbage-first heap   total 262144K, used 163546K [0x0000000080000000, 0x0000000100000000)
  region size 1024K, 6 young (6144K), 6 survivors (6144K)
 Metaspace       used 100455K, committed 101440K, reserved 557056K
  class space    used 13862K, committed 14336K, reserved 425984K
}
Event: 23.465 GC heap before
{Heap before GC invocations=48 (full 0):
 garbage-first heap   total 262144K, used 211674K [0x0000000080000000, 0x0000000100000000)
  region size 1024K, 53 young (54272K), 6 survivors (6144K)
 Metaspace       used 101597K, committed 102592K, reserved 557056K
  class space    used 13969K, committed 14400K, reserved 425984K
}
Event: 23.473 GC heap after
{Heap after GC invocations=49 (full 0):
 garbage-first heap   total 262144K, used 171138K [0x0000000080000000, 0x0000000100000000)
  region size 1024K, 7 young (7168K), 7 survivors (7168K)
 Metaspace       used 101597K, committed 102592K, reserved 557056K
  class space    used 13969K, committed 14400K, reserved 425984K
}
Event: 23.944 GC heap before
{Heap before GC invocations=49 (full 0):
 garbage-first heap   total 262144K, used 214146K [0x0000000080000000, 0x0000000100000000)
  region size 1024K, 49 young (50176K), 7 survivors (7168K)
 Metaspace       used 103834K, committed 104832K, reserved 557056K
  class space    used 14255K, committed 14720K, reserved 425984K
}
Event: 23.953 GC heap after
{Heap after GC invocations=50 (full 0):
 garbage-first heap   total 262144K, used 176992K [0x0000000080000000, 0x0000000100000000)
  region size 1024K, 6 young (6144K), 6 survivors (6144K)
 Metaspace       used 103834K, committed 104832K, reserved 557056K
  class space    used 14255K, committed 14720K, reserved 425984K
}
Event: 24.525 GC heap before
{Heap before GC invocations=50 (full 0):
 garbage-first heap   total 262144K, used 215904K [0x0000000080000000, 0x0000000100000000)
  region size 1024K, 45 young (46080K), 6 survivors (6144K)
 Metaspace       used 104275K, committed 105344K, reserved 557056K
  class space    used 14295K, committed 14784K, reserved 425984K
}
Event: 24.530 GC heap after
{Heap after GC invocations=51 (full 0):
 garbage-first heap   total 262144K, used 181109K [0x0000000080000000, 0x0000000100000000)
  region size 1024K, 5 young (5120K), 5 survivors (5120K)
 Metaspace       used 104275K, committed 105344K, reserved 557056K
  class space    used 14295K, committed 14784K, reserved 425984K
}
Event: 24.794 GC heap before
{Heap before GC invocations=51 (full 0):
 garbage-first heap   total 262144K, used 217973K [0x0000000080000000, 0x0000000100000000)
  region size 1024K, 42 young (43008K), 5 survivors (5120K)
 Metaspace       used 104730K, committed 105728K, reserved 557056K
  class space    used 14362K, committed 14848K, reserved 425984K
}
Event: 24.800 GC heap after
{Heap after GC invocations=52 (full 0):
 garbage-first heap   total 262144K, used 185447K [0x0000000080000000, 0x0000000100000000)
  region size 1024K, 6 young (6144K), 6 survivors (6144K)
 Metaspace       used 104730K, committed 105728K, reserved 557056K
  class space    used 14362K, committed 14848K, reserved 425984K
}
Event: 24.904 GC heap before
{Heap before GC invocations=52 (full 0):
 garbage-first heap   total 262144K, used 218215K [0x0000000080000000, 0x0000000100000000)
  region size 1024K, 39 young (39936K), 6 survivors (6144K)
 Metaspace       used 104787K, committed 105792K, reserved 557056K
  class space    used 14362K, committed 14848K, reserved 425984K
}
Event: 24.908 GC heap after
{Heap after GC invocations=53 (full 0):
 garbage-first heap   total 262144K, used 186874K [0x0000000080000000, 0x0000000100000000)
  region size 1024K, 4 young (4096K), 4 survivors (4096K)
 Metaspace       used 104787K, committed 105792K, reserved 557056K
  class space    used 14362K, committed 14848K, reserved 425984K
}
Event: 25.028 GC heap before
{Heap before GC invocations=53 (full 0):
 garbage-first heap   total 262144K, used 219642K [0x0000000080000000, 0x0000000100000000)
  region size 1024K, 37 young (37888K), 4 survivors (4096K)
 Metaspace       used 104817K, committed 105792K, reserved 557056K
  class space    used 14362K, committed 14848K, reserved 425984K
}
Event: 25.031 GC heap after
{Heap after GC invocations=54 (full 0):
 garbage-first heap   total 262144K, used 188395K [0x0000000080000000, 0x0000000100000000)
  region size 1024K, 4 young (4096K), 4 survivors (4096K)
 Metaspace       used 104817K, committed 105792K, reserved 557056K
  class space    used 14362K, committed 14848K, reserved 425984K
}
Event: 25.279 GC heap before
{Heap before GC invocations=54 (full 0):
 garbage-first heap   total 262144K, used 222187K [0x0000000080000000, 0x0000000100000000)
  region size 1024K, 37 young (37888K), 4 survivors (4096K)
 Metaspace       used 104817K, committed 105792K, reserved 557056K
  class space    used 14362K, committed 14848K, reserved 425984K
}
Event: 25.283 GC heap after
{Heap after GC invocations=55 (full 0):
 garbage-first heap   total 315392K, used 189163K [0x0000000080000000, 0x0000000100000000)
  region size 1024K, 3 young (3072K), 3 survivors (3072K)
 Metaspace       used 104817K, committed 105792K, reserved 557056K
  class space    used 14362K, committed 14848K, reserved 425984K
}

