# JRE version: OpenJDK Runtime Environment Microsoft-8035246 (17.0.8+7) (build 17.0.8+7-LTS)
# Java VM: OpenJDK 64-Bit Server VM Microsoft-8035246 (17.0.8+7-LTS, mixed mode, sharing, tiered, compressed oops, compressed class ptrs, g1 gc, windows-amd64)
GC Precious Log:
 CPUs: 12 total, 12 available
 Memory: 11644M
 Large Page Support: Disabled
 NUMA Support: Disabled
 Compressed Oops: Enabled (32-bit)
 Heap Region Size: 1M
 Heap Min Capacity: 8M
 Heap Initial Capacity: 182M
 Heap Max Capacity: 2G
 Pre-touch: Disabled
 Parallel Workers: 10
 Concurrent Workers: 3
 Concurrent Refinement Workers: 10
 Periodic GC: Disabled
Heap:
 garbage-first heap   total 312320K, used 214419K [0x0000000080000000, 0x0000000100000000)
  region size 1024K, 39 young (39936K), 5 survivors (5120K)
 Metaspace       used 99590K, committed 100544K, reserved 557056K
  class space    used 13713K, committed 14144K, reserved 425984K
GC Heap History (20 events):
Event: 22.866 GC heap before
{Heap before GC invocations=46 (full 0):
 garbage-first heap   total 194560K, used 163892K [0x0000000080000000, 0x0000000100000000)
  region size 1024K, 22 young (22528K), 4 survivors (4096K)
 Metaspace       used 88697K, committed 89600K, reserved 557056K
  class space    used 12315K, committed 12736K, reserved 425984K
}
Event: 22.869 GC heap after
{Heap after GC invocations=47 (full 0):
 garbage-first heap   total 194560K, used 148431K [0x0000000080000000, 0x0000000100000000)
  region size 1024K, 3 young (3072K), 3 survivors (3072K)
 Metaspace       used 88697K, committed 89600K, reserved 557056K
  class space    used 12315K, committed 12736K, reserved 425984K
}
Event: 23.046 GC heap before
{Heap before GC invocations=48 (full 0):
 garbage-first heap   total 260096K, used 165839K [0x0000000080000000, 0x0000000100000000)
  region size 1024K, 20 young (20480K), 3 survivors (3072K)
 Metaspace       used 89291K, committed 90240K, reserved 557056K
  class space    used 12385K, committed 12800K, reserved 425984K
}
Event: 23.049 GC heap after
{Heap after GC invocations=49 (full 0):
 garbage-first heap   total 260096K, used 151482K [0x0000000080000000, 0x0000000100000000)
  region size 1024K, 3 young (3072K), 3 survivors (3072K)
 Metaspace       used 89291K, committed 90240K, reserved 557056K
  class space    used 12385K, committed 12800K, reserved 425984K
}
Event: 23.154 GC heap before
{Heap before GC invocations=49 (full 0):
 garbage-first heap   total 260096K, used 160698K [0x0000000080000000, 0x0000000100000000)
  region size 1024K, 12 young (12288K), 3 survivors (3072K)
 Metaspace       used 90034K, committed 90944K, reserved 557056K
  class space    used 12497K, committed 12928K, reserved 425984K
}
Event: 23.157 GC heap after
{Heap after GC invocations=50 (full 0):
 garbage-first heap   total 260096K, used 150842K [0x0000000080000000, 0x0000000100000000)
  region size 1024K, 1 young (1024K), 1 survivors (1024K)
 Metaspace       used 90034K, committed 90944K, reserved 557056K
  class space    used 12497K, committed 12928K, reserved 425984K
}
Event: 23.987 GC heap before
{Heap before GC invocations=50 (full 0):
 garbage-first heap   total 260096K, used 204090K [0x0000000080000000, 0x0000000100000000)
  region size 1024K, 53 young (54272K), 1 survivors (1024K)
 Metaspace       used 94884K, committed 95872K, reserved 557056K
  class space    used 13160K, committed 13632K, reserved 425984K
}
Event: 23.995 GC heap after
{Heap after GC invocations=51 (full 0):
 garbage-first heap   total 260096K, used 155861K [0x0000000080000000, 0x0000000100000000)
  region size 1024K, 6 young (6144K), 6 survivors (6144K)
 Metaspace       used 94884K, committed 95872K, reserved 557056K
  class space    used 13160K, committed 13632K, reserved 425984K
}
Event: 24.548 GC heap before
{Heap before GC invocations=51 (full 0):
 garbage-first heap   total 260096K, used 207061K [0x0000000080000000, 0x0000000100000000)
  region size 1024K, 56 young (57344K), 6 survivors (6144K)
 Metaspace       used 96126K, committed 97152K, reserved 557056K
  class space    used 13301K, committed 13760K, reserved 425984K
}
Event: 24.556 GC heap after
{Heap after GC invocations=52 (full 0):
 garbage-first heap   total 260096K, used 163291K [0x0000000080000000, 0x0000000100000000)
  region size 1024K, 7 young (7168K), 7 survivors (7168K)
 Metaspace       used 96126K, committed 97152K, reserved 557056K
  class space    used 13301K, committed 13760K, reserved 425984K
}
Event: 25.088 GC heap before
{Heap before GC invocations=52 (full 0):
 garbage-first heap   total 260096K, used 210395K [0x0000000080000000, 0x0000000100000000)
  region size 1024K, 53 young (54272K), 7 survivors (7168K)
 Metaspace       used 98715K, committed 99648K, reserved 557056K
  class space    used 13625K, committed 14080K, reserved 425984K
}
Event: 25.094 GC heap after
{Heap after GC invocations=53 (full 0):
 garbage-first heap   total 260096K, used 169218K [0x0000000080000000, 0x0000000100000000)
  region size 1024K, 6 young (6144K), 6 survivors (6144K)
 Metaspace       used 98715K, committed 99648K, reserved 557056K
  class space    used 13625K, committed 14080K, reserved 425984K
}
Event: 25.650 GC heap before
{Heap before GC invocations=53 (full 0):
 garbage-first heap   total 260096K, used 212226K [0x0000000080000000, 0x0000000100000000)
  region size 1024K, 49 young (50176K), 6 survivors (6144K)
 Metaspace       used 99199K, committed 100160K, reserved 557056K
  class space    used 13677K, committed 14144K, reserved 425984K
}
Event: 25.657 GC heap after
{Heap after GC invocations=54 (full 0):
 garbage-first heap   total 260096K, used 173640K [0x0000000080000000, 0x0000000100000000)
  region size 1024K, 5 young (5120K), 5 survivors (5120K)
 Metaspace       used 99199K, committed 100160K, reserved 557056K
  class space    used 13677K, committed 14144K, reserved 425984K
}
Event: 25.881 GC heap before
{Heap before GC invocations=54 (full 0):
 garbage-first heap   total 260096K, used 214600K [0x0000000080000000, 0x0000000100000000)
  region size 1024K, 46 young (47104K), 5 survivors (5120K)
 Metaspace       used 99512K, committed 100416K, reserved 557056K
  class space    used 13713K, committed 14144K, reserved 425984K
}
Event: 25.886 GC heap after
{Heap after GC invocations=55 (full 0):
 garbage-first heap   total 260096K, used 178114K [0x0000000080000000, 0x0000000100000000)
  region size 1024K, 6 young (6144K), 6 survivors (6144K)
 Metaspace       used 99512K, committed 100416K, reserved 557056K
  class space    used 13713K, committed 14144K, reserved 425984K
}
Event: 25.992 GC heap before
{Heap before GC invocations=55 (full 0):
 garbage-first heap   total 260096K, used 216002K [0x0000000080000000, 0x0000000100000000)
  region size 1024K, 44 young (45056K), 6 survivors (6144K)
 Metaspace       used 99573K, committed 100544K, reserved 557056K
  class space    used 13713K, committed 14144K, reserved 425984K
}
Event: 25.997 GC heap after
{Heap after GC invocations=56 (full 0):
 garbage-first heap   total 260096K, used 179724K [0x0000000080000000, 0x0000000100000000)
  region size 1024K, 4 young (4096K), 4 survivors (4096K)
 Metaspace       used 99573K, committed 100544K, reserved 557056K
  class space    used 13713K, committed 14144K, reserved 425984K
}
Event: 26.181 GC heap before
{Heap before GC invocations=56 (full 0):
 garbage-first heap   total 260096K, used 217612K [0x0000000080000000, 0x0000000100000000)
  region size 1024K, 41 young (41984K), 4 survivors (4096K)
 Metaspace       used 99590K, committed 100544K, reserved 557056K
  class space    used 13713K, committed 14144K, reserved 425984K
}
Event: 26.184 GC heap after
{Heap after GC invocations=57 (full 0):
 garbage-first heap   total 312320K, used 180627K [0x0000000080000000, 0x0000000100000000)
  region size 1024K, 5 young (5120K), 5 survivors (5120K)
 Metaspace       used 99590K, committed 100544K, reserved 557056K
  class space    used 13713K, committed 14144K, reserved 425984K
}

