# JRE version: OpenJDK Runtime Environment Microsoft-8035246 (17.0.8+7) (build 17.0.8+7-LTS)
# Java VM: OpenJDK 64-Bit Server VM Microsoft-8035246 (17.0.8+7-LTS, mixed mode, sharing, tiered, compressed oops, compressed class ptrs, g1 gc, windows-amd64)
GC Precious Log:
 CPUs: 12 total, 12 available
 Memory: 11644M
 Large Page Support: Disabled
 NUMA Support: Disabled
 Compressed Oops: Enabled (32-bit)
 Heap Region Size: 1M
 Heap Min Capacity: 8M
 Heap Initial Capacity: 182M
 Heap Max Capacity: 2G
 Pre-touch: Disabled
 Parallel Workers: 10
 Concurrent Workers: 3
 Concurrent Refinement Workers: 10
 Periodic GC: Disabled
Heap:
 garbage-first heap   total 241664K, used 191593K [0x0000000080000000, 0x0000000100000000)
  region size 1024K, 14 young (14336K), 3 survivors (3072K)
 Metaspace       used 99662K, committed 100608K, reserved 557056K
  class space    used 13719K, committed 14144K, reserved 425984K
GC Heap History (20 events):
Event: 22.772 GC heap before
{Heap before GC invocations=42 (full 0):
 garbage-first heap   total 241664K, used 193162K [0x0000000080000000, 0x0000000100000000)
  region size 1024K, 49 young (50176K), 7 survivors (7168K)
 Metaspace       used 94266K, committed 95168K, reserved 557056K
  class space    used 13083K, committed 13504K, reserved 425984K
}
Event: 22.779 GC heap after
{Heap after GC invocations=43 (full 0):
 garbage-first heap   total 241664K, used 155107K [0x0000000080000000, 0x0000000100000000)
  region size 1024K, 5 young (5120K), 5 survivors (5120K)
 Metaspace       used 94266K, committed 95168K, reserved 557056K
  class space    used 13083K, committed 13504K, reserved 425984K
}
Event: 23.292 GC heap before
{Heap before GC invocations=43 (full 0):
 garbage-first heap   total 241664K, used 196067K [0x0000000080000000, 0x0000000100000000)
  region size 1024K, 45 young (46080K), 5 survivors (5120K)
 Metaspace       used 95816K, committed 96768K, reserved 557056K
  class space    used 13267K, committed 13696K, reserved 425984K
}
Event: 23.298 GC heap after
{Heap after GC invocations=44 (full 0):
 garbage-first heap   total 241664K, used 160742K [0x0000000080000000, 0x0000000100000000)
  region size 1024K, 6 young (6144K), 6 survivors (6144K)
 Metaspace       used 95816K, committed 96768K, reserved 557056K
  class space    used 13267K, committed 13696K, reserved 425984K
}
Event: 23.737 GC heap before
{Heap before GC invocations=44 (full 0):
 garbage-first heap   total 241664K, used 197606K [0x0000000080000000, 0x0000000100000000)
  region size 1024K, 42 young (43008K), 6 survivors (6144K)
 Metaspace       used 97617K, committed 98560K, reserved 557056K
  class space    used 13473K, committed 13952K, reserved 425984K
}
Event: 23.742 GC heap after
{Heap after GC invocations=45 (full 0):
 garbage-first heap   total 241664K, used 165765K [0x0000000080000000, 0x0000000100000000)
  region size 1024K, 5 young (5120K), 5 survivors (5120K)
 Metaspace       used 97617K, committed 98560K, reserved 557056K
  class space    used 13473K, committed 13952K, reserved 425984K
}
Event: 24.169 GC heap before
{Heap before GC invocations=45 (full 0):
 garbage-first heap   total 241664K, used 198533K [0x0000000080000000, 0x0000000100000000)
  region size 1024K, 38 young (38912K), 5 survivors (5120K)
 Metaspace       used 98900K, committed 99840K, reserved 557056K
  class space    used 13648K, committed 14080K, reserved 425984K
}
Event: 24.173 GC heap after
{Heap after GC invocations=46 (full 0):
 garbage-first heap   total 241664K, used 170513K [0x0000000080000000, 0x0000000100000000)
  region size 1024K, 5 young (5120K), 5 survivors (5120K)
 Metaspace       used 98900K, committed 99840K, reserved 557056K
  class space    used 13648K, committed 14080K, reserved 425984K
}
Event: 24.573 GC heap before
{Heap before GC invocations=46 (full 0):
 garbage-first heap   total 241664K, used 201233K [0x0000000080000000, 0x0000000100000000)
  region size 1024K, 36 young (36864K), 5 survivors (5120K)
 Metaspace       used 99087K, committed 99968K, reserved 557056K
  class space    used 13649K, committed 14080K, reserved 425984K
}
Event: 24.578 GC heap after
{Heap after GC invocations=47 (full 0):
 garbage-first heap   total 241664K, used 173580K [0x0000000080000000, 0x0000000100000000)
  region size 1024K, 4 young (4096K), 4 survivors (4096K)
 Metaspace       used 99087K, committed 99968K, reserved 557056K
  class space    used 13649K, committed 14080K, reserved 425984K
}
Event: 24.844 GC heap before
{Heap before GC invocations=47 (full 0):
 garbage-first heap   total 241664K, used 203276K [0x0000000080000000, 0x0000000100000000)
  region size 1024K, 33 young (33792K), 4 survivors (4096K)
 Metaspace       used 99568K, committed 100544K, reserved 557056K
  class space    used 13719K, committed 14144K, reserved 425984K
}
Event: 24.849 GC heap after
{Heap after GC invocations=48 (full 0):
 garbage-first heap   total 241664K, used 177549K [0x0000000080000000, 0x0000000100000000)
  region size 1024K, 5 young (5120K), 5 survivors (5120K)
 Metaspace       used 99568K, committed 100544K, reserved 557056K
  class space    used 13719K, committed 14144K, reserved 425984K
}
Event: 24.908 GC heap before
{Heap before GC invocations=48 (full 0):
 garbage-first heap   total 241664K, used 203149K [0x0000000080000000, 0x0000000100000000)
  region size 1024K, 30 young (30720K), 5 survivors (5120K)
 Metaspace       used 99590K, committed 100544K, reserved 557056K
  class space    used 13719K, committed 14144K, reserved 425984K
}
Event: 24.912 GC heap after
{Heap after GC invocations=49 (full 0):
 garbage-first heap   total 241664K, used 178924K [0x0000000080000000, 0x0000000100000000)
  region size 1024K, 3 young (3072K), 3 survivors (3072K)
 Metaspace       used 99590K, committed 100544K, reserved 557056K
  class space    used 13719K, committed 14144K, reserved 425984K
}
Event: 24.980 GC heap before
{Heap before GC invocations=49 (full 0):
 garbage-first heap   total 241664K, used 203500K [0x0000000080000000, 0x0000000100000000)
  region size 1024K, 28 young (28672K), 3 survivors (3072K)
 Metaspace       used 99631K, committed 100544K, reserved 557056K
  class space    used 13719K, committed 14144K, reserved 425984K
}
Event: 24.983 GC heap after
{Heap after GC invocations=50 (full 0):
 garbage-first heap   total 241664K, used 179955K [0x0000000080000000, 0x0000000100000000)
  region size 1024K, 3 young (3072K), 3 survivors (3072K)
 Metaspace       used 99631K, committed 100544K, reserved 557056K
  class space    used 13719K, committed 14144K, reserved 425984K
}
Event: 25.120 GC heap before
{Heap before GC invocations=50 (full 0):
 garbage-first heap   total 241664K, used 205555K [0x0000000080000000, 0x0000000100000000)
  region size 1024K, 28 young (28672K), 3 survivors (3072K)
 Metaspace       used 99661K, committed 100608K, reserved 557056K
  class space    used 13719K, committed 14144K, reserved 425984K
}
Event: 25.122 GC heap after
{Heap after GC invocations=51 (full 0):
 garbage-first heap   total 241664K, used 180836K [0x0000000080000000, 0x0000000100000000)
  region size 1024K, 3 young (3072K), 3 survivors (3072K)
 Metaspace       used 99661K, committed 100608K, reserved 557056K
  class space    used 13719K, committed 14144K, reserved 425984K
}
Event: 25.324 GC heap before
{Heap before GC invocations=51 (full 0):
 garbage-first heap   total 241664K, used 206436K [0x0000000080000000, 0x0000000100000000)
  region size 1024K, 28 young (28672K), 3 survivors (3072K)
 Metaspace       used 99662K, committed 100608K, reserved 557056K
  class space    used 13719K, committed 14144K, reserved 425984K
}
Event: 25.326 GC heap after
{Heap after GC invocations=52 (full 0):
 garbage-first heap   total 241664K, used 181353K [0x0000000080000000, 0x0000000100000000)
  region size 1024K, 3 young (3072K), 3 survivors (3072K)
 Metaspace       used 99662K, committed 100608K, reserved 557056K
  class space    used 13719K, committed 14144K, reserved 425984K
}

