# JRE version: OpenJDK Runtime Environment Microsoft-8035246 (17.0.8+7) (build 17.0.8+7-LTS)
# Java VM: OpenJDK 64-Bit Server VM Microsoft-8035246 (17.0.8+7-LTS, mixed mode, sharing, tiered, compressed oops, compressed class ptrs, g1 gc, windows-amd64)
GC Precious Log:
 CPUs: 12 total, 12 available
 Memory: 11644M
 Large Page Support: Disabled
 NUMA Support: Disabled
 Compressed Oops: Enabled (32-bit)
 Heap Region Size: 1M
 Heap Min Capacity: 8M
 Heap Initial Capacity: 182M
 Heap Max Capacity: 2G
 Pre-touch: Disabled
 Parallel Workers: 10
 Concurrent Workers: 3
 Concurrent Refinement Workers: 10
 Periodic GC: Disabled
Heap:
 garbage-first heap   total 262144K, used 187179K [0x0000000080000000, 0x0000000100000000)
  region size 1024K, 9 young (9216K), 4 survivors (4096K)
 Metaspace       used 99701K, committed 100608K, reserved 557056K
  class space    used 13720K, committed 14144K, reserved 425984K
GC Heap History (20 events):
Event: 20.648 GC heap before
{Heap before GC invocations=39 (full 0):
 garbage-first heap   total 262144K, used 218410K [0x0000000080000000, 0x0000000100000000)
  region size 1024K, 125 young (128000K), 13 survivors (13312K)
 Metaspace       used 85449K, committed 86336K, reserved 557056K
  class space    used 11899K, committed 12352K, reserved 425984K
}
Event: 20.661 GC heap after
{Heap after GC invocations=40 (full 0):
 garbage-first heap   total 262144K, used 125846K [0x0000000080000000, 0x0000000100000000)
  region size 1024K, 16 young (16384K), 16 survivors (16384K)
 Metaspace       used 85449K, committed 86336K, reserved 557056K
  class space    used 11899K, committed 12352K, reserved 425984K
}
Event: 21.672 GC heap before
{Heap before GC invocations=40 (full 0):
 garbage-first heap   total 262144K, used 213910K [0x0000000080000000, 0x0000000100000000)
  region size 1024K, 96 young (98304K), 16 survivors (16384K)
 Metaspace       used 89082K, committed 89984K, reserved 557056K
  class space    used 12362K, committed 12800K, reserved 425984K
}
Event: 21.682 GC heap after
{Heap after GC invocations=41 (full 0):
 garbage-first heap   total 262144K, used 147995K [0x0000000080000000, 0x0000000100000000)
  region size 1024K, 12 young (12288K), 12 survivors (12288K)
 Metaspace       used 89082K, committed 89984K, reserved 557056K
  class space    used 12362K, committed 12800K, reserved 425984K
}
Event: 22.638 GC heap before
{Heap before GC invocations=41 (full 0):
 garbage-first heap   total 262144K, used 207387K [0x0000000080000000, 0x0000000100000000)
  region size 1024K, 70 young (71680K), 12 survivors (12288K)
 Metaspace       used 94444K, committed 95360K, reserved 557056K
  class space    used 13099K, committed 13568K, reserved 425984K
}
Event: 22.645 GC heap after
{Heap after GC invocations=42 (full 0):
 garbage-first heap   total 262144K, used 155700K [0x0000000080000000, 0x0000000100000000)
  region size 1024K, 7 young (7168K), 7 survivors (7168K)
 Metaspace       used 94444K, committed 95360K, reserved 557056K
  class space    used 13099K, committed 13568K, reserved 425984K
}
Event: 23.285 GC heap before
{Heap before GC invocations=42 (full 0):
 garbage-first heap   total 262144K, used 210996K [0x0000000080000000, 0x0000000100000000)
  region size 1024K, 61 young (62464K), 7 survivors (7168K)
 Metaspace       used 96164K, committed 97088K, reserved 557056K
  class space    used 13306K, committed 13760K, reserved 425984K
}
Event: 23.292 GC heap after
{Heap after GC invocations=43 (full 0):
 garbage-first heap   total 262144K, used 163630K [0x0000000080000000, 0x0000000100000000)
  region size 1024K, 8 young (8192K), 8 survivors (8192K)
 Metaspace       used 96164K, committed 97088K, reserved 557056K
  class space    used 13306K, committed 13760K, reserved 425984K
}
Event: 23.942 GC heap before
{Heap before GC invocations=43 (full 0):
 garbage-first heap   total 262144K, used 212782K [0x0000000080000000, 0x0000000100000000)
  region size 1024K, 57 young (58368K), 8 survivors (8192K)
 Metaspace       used 98903K, committed 99904K, reserved 557056K
  class space    used 13649K, committed 14144K, reserved 425984K
}
Event: 23.951 GC heap after
{Heap after GC invocations=44 (full 0):
 garbage-first heap   total 262144K, used 170397K [0x0000000080000000, 0x0000000100000000)
  region size 1024K, 7 young (7168K), 7 survivors (7168K)
 Metaspace       used 98903K, committed 99904K, reserved 557056K
  class space    used 13649K, committed 14144K, reserved 425984K
}
Event: 24.607 GC heap before
{Heap before GC invocations=44 (full 0):
 garbage-first heap   total 262144K, used 214429K [0x0000000080000000, 0x0000000100000000)
  region size 1024K, 51 young (52224K), 7 survivors (7168K)
 Metaspace       used 99585K, committed 100544K, reserved 557056K
  class space    used 13720K, committed 14144K, reserved 425984K
}
Event: 24.613 GC heap after
{Heap after GC invocations=45 (full 0):
 garbage-first heap   total 262144K, used 175559K [0x0000000080000000, 0x0000000100000000)
  region size 1024K, 5 young (5120K), 5 survivors (5120K)
 Metaspace       used 99585K, committed 100544K, reserved 557056K
  class space    used 13720K, committed 14144K, reserved 425984K
}
Event: 24.735 GC heap before
{Heap before GC invocations=45 (full 0):
 garbage-first heap   total 262144K, used 217543K [0x0000000080000000, 0x0000000100000000)
  region size 1024K, 47 young (48128K), 5 survivors (5120K)
 Metaspace       used 99678K, committed 100608K, reserved 557056K
  class space    used 13720K, committed 14144K, reserved 425984K
}
Event: 24.740 GC heap after
{Heap after GC invocations=46 (full 0):
 garbage-first heap   total 262144K, used 179355K [0x0000000080000000, 0x0000000100000000)
  region size 1024K, 6 young (6144K), 6 survivors (6144K)
 Metaspace       used 99678K, committed 100608K, reserved 557056K
  class space    used 13720K, committed 14144K, reserved 425984K
}
Event: 24.871 GC heap before
{Heap before GC invocations=46 (full 0):
 garbage-first heap   total 262144K, used 218267K [0x0000000080000000, 0x0000000100000000)
  region size 1024K, 45 young (46080K), 6 survivors (6144K)
 Metaspace       used 99696K, committed 100608K, reserved 557056K
  class space    used 13720K, committed 14144K, reserved 425984K
}
Event: 24.875 GC heap after
{Heap after GC invocations=47 (full 0):
 garbage-first heap   total 262144K, used 180956K [0x0000000080000000, 0x0000000100000000)
  region size 1024K, 4 young (4096K), 4 survivors (4096K)
 Metaspace       used 99696K, committed 100608K, reserved 557056K
  class space    used 13720K, committed 14144K, reserved 425984K
}
Event: 25.117 GC heap before
{Heap before GC invocations=47 (full 0):
 garbage-first heap   total 262144K, used 219868K [0x0000000080000000, 0x0000000100000000)
  region size 1024K, 42 young (43008K), 4 survivors (4096K)
 Metaspace       used 99700K, committed 100608K, reserved 557056K
  class space    used 13720K, committed 14144K, reserved 425984K
}
Event: 25.119 GC heap after
{Heap after GC invocations=48 (full 0):
 garbage-first heap   total 262144K, used 182188K [0x0000000080000000, 0x0000000100000000)
  region size 1024K, 3 young (3072K), 3 survivors (3072K)
 Metaspace       used 99700K, committed 100608K, reserved 557056K
  class space    used 13720K, committed 14144K, reserved 425984K
}
Event: 25.420 GC heap before
{Heap before GC invocations=48 (full 0):
 garbage-first heap   total 262144K, used 222124K [0x0000000080000000, 0x0000000100000000)
  region size 1024K, 42 young (43008K), 3 survivors (3072K)
 Metaspace       used 99701K, committed 100608K, reserved 557056K
  class space    used 13720K, committed 14144K, reserved 425984K
}
Event: 25.422 GC heap after
{Heap after GC invocations=49 (full 0):
 garbage-first heap   total 262144K, used 183083K [0x0000000080000000, 0x0000000100000000)
  region size 1024K, 4 young (4096K), 4 survivors (4096K)
 Metaspace       used 99701K, committed 100608K, reserved 557056K
  class space    used 13720K, committed 14144K, reserved 425984K
}

